Arguments: 
  /data/data/com.termux/files/usr/bin/node /data/data/com.termux/files/usr/share/yarn/bin/yarn.js add fastwa

PATH: 
  /data/data/com.termux/files/home/.bun/bin:/data/data/com.termux/files/home/bin:/usr/local/bin:/data/data/com.termux/files/usr/bin:/data/data/com.termux/files/home/.scripts:/data/data/com.termux/files/home/.local/bin:/data/data/com.termux/files/home/.cargo/bin

Yarn version: 
  1.22.19

Node version: 
  20.2.0

Platform: 
  android arm64

Trace: 
  Error: https://registry.yarnpkg.com/fastwa: Not found
      at params.callback [as _callback] (/data/data/com.termux/files/usr/share/yarn/lib/cli.js:66145:18)
      at self.callback (/data/data/com.termux/files/usr/share/yarn/lib/cli.js:140890:22)
      at Request.emit (node:events:511:28)
      at Request.<anonymous> (/data/data/com.termux/files/usr/share/yarn/lib/cli.js:141862:10)
      at Request.emit (node:events:511:28)
      at IncomingMessage.<anonymous> (/data/data/com.termux/files/usr/share/yarn/lib/cli.js:141784:12)
      at Object.onceWrapper (node:events:625:28)
      at IncomingMessage.emit (node:events:523:35)
      at endReadableNT (node:internal/streams/readable:1367:12)
      at process.processTicksAndRejections (node:internal/process/task_queues:82:21)

npm manifest: 
  {
    "name": "ascbot",
    "version": "1.0.0",
    "main": "index.js",
    "license": "MIT"
  }

yarn manifest: 
  No manifest

Lockfile: 
  # THIS IS AN AUTOGENERATED FILE. DO NOT EDIT THIS FILE DIRECTLY.
  # yarn lockfile v1
